TN:
SF:src/constants.js
FNF:0
FNH:0
DA:2,3
DA:5,3
DA:7,3
LF:3
LH:3
BRF:0
BRH:0
end_of_record
TN:
SF:src/create-app.js
FN:8,createApp
FN:26,appErrorHandler
FNF:2
FNH:1
FNDA:1,createApp
FNDA:0,appErrorHandler
DA:9,1
DA:10,1
DA:12,1
DA:14,1
DA:16,1
DA:18,1
DA:19,1
DA:21,1
DA:23,1
DA:27,0
DA:28,0
DA:29,0
DA:30,0
DA:32,0
LF:14
LH:9
BRDA:27,0,0,0
BRDA:27,0,1,0
BRDA:29,1,0,0
BRDA:29,1,1,0
BRF:4
BRH:0
end_of_record
TN:
SF:src/server.js
FN:9,(anonymous_0)
FN:11,(anonymous_1)
FN:12,(anonymous_2)
FNF:3
FNH:1
FNDA:1,(anonymous_0)
FNDA:0,(anonymous_1)
FNDA:0,(anonymous_2)
DA:2,1
DA:6,1
DA:7,1
DA:8,1
DA:9,1
DA:11,1
DA:12,0
DA:13,0
DA:17,1
LF:9
LH:7
BRF:0
BRH:0
end_of_record
TN:
SF:src/repositories/barcode.repository.js
FN:8,getBarcode
FNF:1
FNH:1
FNDA:3,getBarcode
DA:10,3
DA:12,3
DA:14,3
DA:15,0
DA:18,3
DA:19,0
DA:22,3
DA:25,2
LF:8
LH:6
BRDA:10,0,0,3
BRDA:10,0,1,1
BRDA:12,1,0,3
BRDA:12,1,1,0
BRDA:14,2,0,0
BRDA:14,2,1,3
BRDA:18,3,0,0
BRDA:18,3,1,3
BRF:8
BRH:5
end_of_record
TN:
SF:src/repositories/index.js
FNF:0
FNH:0
LF:0
LH:0
BRF:0
BRH:0
end_of_record
TN:
SF:src/routes/index.js
FNF:0
FNH:0
DA:4,1
DA:5,1
LF:2
LH:2
BRF:0
BRH:0
end_of_record
TN:
SF:src/routes/api/barcodes.js
FN:10,(anonymous_0)
FNF:1
FNH:1
FNDA:1,(anonymous_0)
DA:6,1
DA:8,1
DA:11,1
DA:13,1
DA:16,1
LF:5
LH:5
BRF:0
BRH:0
end_of_record
TN:
SF:src/routes/api/index.js
FNF:0
FNH:0
DA:4,1
DA:5,1
LF:2
LH:2
BRF:0
BRH:0
end_of_record
TN:
SF:src/services/barcode.service.js
FN:2,getBarcode
FNF:1
FNH:1
FNDA:1,getBarcode
DA:3,1
DA:6,1
LF:2
LH:2
BRF:0
BRH:0
end_of_record
TN:
SF:src/services/index.js
FNF:0
FNH:0
LF:0
LH:0
BRF:0
BRH:0
end_of_record
TN:
SF:src/utils/boleto-validator.js
FN:4,(anonymous_0)
FN:10,(anonymous_1)
FN:28,(anonymous_2)
FN:34,(anonymous_3)
FN:48,(anonymous_4)
FN:65,(anonymous_5)
FN:77,(anonymous_6)
FN:113,(anonymous_7)
FN:151,(anonymous_8)
FNF:9
FNH:9
FNDA:19,(anonymous_0)
FNDA:261,(anonymous_1)
FNDA:3,(anonymous_2)
FNDA:129,(anonymous_3)
FNDA:3,(anonymous_4)
FNDA:4,(anonymous_5)
FNDA:5,(anonymous_6)
FNDA:132,(anonymous_7)
FNDA:3,(anonymous_8)
DA:4,3
DA:5,19
DA:7,19
DA:11,261
DA:13,261
DA:14,53
DA:15,53
DA:18,261
DA:20,261
DA:23,19
DA:25,19
DA:28,3
DA:29,3
DA:31,3
DA:35,129
DA:37,129
DA:39,129
DA:42,3
DA:44,3
DA:48,3
DA:49,3
DA:51,3
DA:52,3
DA:54,3
DA:56,3
DA:57,0
DA:58,0
DA:61,3
DA:65,3
DA:66,4
DA:67,4
DA:68,4
DA:69,4
DA:70,2
DA:72,0
DA:73,0
DA:77,3
DA:78,5
DA:81,3
DA:82,3
DA:83,3
DA:84,3
DA:85,3
DA:86,3
DA:87,3
DA:88,3
DA:89,3
DA:90,3
DA:91,3
DA:93,3
DA:94,0
DA:99,3
DA:102,3
DA:103,3
DA:104,3
DA:106,3
DA:107,3
DA:108,3
DA:111,3
DA:113,132
DA:116,3
DA:119,3
DA:125,0
DA:129,3
DA:132,3
DA:134,3
DA:135,3
DA:137,3
DA:138,3
DA:139,3
DA:142,3
DA:151,3
DA:152,3
DA:155,2
DA:156,2
DA:157,2
DA:158,2
DA:159,2
DA:160,2
DA:161,2
DA:162,2
DA:163,2
DA:165,2
DA:166,0
DA:168,2
DA:169,2
DA:170,2
DA:173,2
DA:178,2
DA:180,2
DA:181,2
DA:182,2
DA:183,2
DA:184,2
DA:185,2
DA:188,2
DA:189,0
DA:190,0
DA:191,0
DA:192,0
DA:193,0
DA:197,2
DA:204,0
DA:208,2
DA:209,2
DA:211,2
DA:219,3
LF:107
LH:94
BRDA:13,0,0,53
BRDA:13,0,1,208
BRDA:18,1,0,137
BRDA:18,1,1,124
BRDA:25,2,0,2
BRDA:25,2,1,17
BRDA:37,3,0,114
BRDA:37,3,1,15
BRDA:44,4,0,0
BRDA:44,4,1,3
BRDA:69,5,0,2
BRDA:69,5,1,2
BRDA:70,6,0,2
BRDA:70,6,1,0
BRDA:73,7,0,0
BRDA:73,7,1,0
BRDA:78,8,0,2
BRDA:78,8,1,3
BRDA:93,9,0,0
BRDA:93,9,1,3
BRDA:119,10,0,0
BRDA:119,10,1,3
BRDA:120,11,0,3
BRDA:120,11,1,3
BRDA:120,11,2,3
BRDA:120,11,3,3
BRDA:134,12,0,3
BRDA:134,12,1,0
BRDA:152,13,0,1
BRDA:152,13,1,2
BRDA:165,14,0,0
BRDA:165,14,1,2
BRDA:180,15,0,2
BRDA:180,15,1,0
BRDA:188,16,0,0
BRDA:188,16,1,2
BRDA:197,17,0,0
BRDA:197,17,1,2
BRDA:198,18,0,2
BRDA:198,18,1,2
BRDA:198,18,2,2
BRDA:198,18,3,2
BRDA:198,18,4,2
BRDA:213,19,0,2
BRDA:213,19,1,2
BRF:45
BRH:34
end_of_record
TN:
SF:src/utils/custom-errors.js
FN:7,(anonymous_0)
FN:20,(anonymous_1)
FN:26,(anonymous_2)
FNF:3
FNH:3
FNDA:4,(anonymous_0)
FNDA:2,(anonymous_1)
FNDA:2,(anonymous_2)
DA:8,4
DA:9,4
DA:10,4
DA:11,4
DA:13,4
DA:14,4
DA:21,2
DA:27,2
LF:8
LH:8
BRDA:7,0,0,0
BRDA:13,1,0,4
BRDA:13,1,1,0
BRDA:20,2,0,2
BRDA:26,3,0,2
BRF:5
BRH:3
end_of_record
TN:
SF:src/utils/format.js
FN:1,cleanDigitableLine
FNF:1
FNH:1
FNDA:1,cleanDigitableLine
DA:2,1
DA:3,1
DA:4,1
DA:7,1
LF:4
LH:4
BRF:0
BRH:0
end_of_record
TN:
SF:src/utils/index.js
FNF:0
FNH:0
LF:0
LH:0
BRF:0
BRH:0
end_of_record
